<?xml version="1.0" encoding="utf-8" standalone="no"?>
<test-results xmlns:xsi="http://www.w3.org/2001/XMLSchema-instance" xsi:noNamespaceSchemaLocation="nunit_schema_2.5.xsd" name="Pester" total="20" errors="0" failures="0" not-run="0" inconclusive="0" ignored="0" skipped="0" invalid="0" date="2026-01-28" time="15:10:19">
  <environment nunit-version="2.5.8.0" cwd="/home/runner/work/actions-semver-checker/actions-semver-checker" machine-name="runnervmymu0l" user-domain="" clr-version="8.0.21" user="runner" platform="Linux" os-version="6.11.0-1018-azure" />
  <culture-info current-culture="" current-uiculture="" />
  <test-suite type="TestFixture" name="Pester" executed="True" result="Success" success="True" time="4.031" asserts="0" description="Pester">
    <results>
      <test-suite type="TestFixture" name="/home/runner/work/actions-semver-checker/actions-semver-checker/main.Tests.ps1" executed="True" result="Success" success="True" time="4.031" asserts="0" description="/home/runner/work/actions-semver-checker/actions-semver-checker/main.Tests.ps1">
        <results>
          <test-suite type="TestFixture" name="SemVer Checker" executed="True" result="Success" success="True" time="3.6029" asserts="0" description="SemVer Checker">
            <results>
              <test-suite type="TestFixture" name="SemVer Checker.When repo only has a minor version tag (e.g., v1.1)" executed="True" result="Success" success="True" time="0.3296" asserts="0" description="SemVer Checker.When repo only has a minor version tag (e.g., v1.1)">
                <results>
                  <test-case description="Should suggest creating both major version (v1) and patch version (v1.1.0)" name="SemVer Checker.When repo only has a minor version tag (e.g., v1.1).Should suggest creating both major version (v1) and patch version (v1.1.0)" time="0.2876" asserts="0" success="True" result="Success" executed="True" />
                </results>
              </test-suite>
              <test-suite type="TestFixture" name="SemVer Checker.When repo has proper semver tags (v1, v1.1, v1.1.0)" executed="True" result="Success" success="True" time="0.4538" asserts="0" description="SemVer Checker.When repo has proper semver tags (v1, v1.1, v1.1.0)">
                <results>
                  <test-case description="Should not report any errors when all tags point to same commit" name="SemVer Checker.When repo has proper semver tags (v1, v1.1, v1.1.0).Should not report any errors when all tags point to same commit" time="0.1094" asserts="0" success="True" result="Success" executed="True" />
                </results>
              </test-suite>
              <test-suite type="TestFixture" name="SemVer Checker.When repo has only patch version (v1.0.0)" executed="True" result="Success" success="True" time="0.5857" asserts="0" description="SemVer Checker.When repo has only patch version (v1.0.0)">
                <results>
                  <test-case description="Should suggest creating major (v1) and minor (v1.0) versions" name="SemVer Checker.When repo has only patch version (v1.0.0).Should suggest creating major (v1) and minor (v1.0) versions" time="0.117" asserts="0" success="True" result="Success" executed="True" />
                </results>
              </test-suite>
              <test-suite type="TestFixture" name="SemVer Checker.When repo has mismatched versions" executed="True" result="Success" success="True" time="0.7696" asserts="0" description="SemVer Checker.When repo has mismatched versions">
                <results>
                  <test-case description="Should suggest force updating when major version points to wrong commit" name="SemVer Checker.When repo has mismatched versions.Should suggest force updating when major version points to wrong commit" time="0.1658" asserts="0" success="True" result="Success" executed="True" />
                </results>
              </test-suite>
              <test-suite type="TestFixture" name="SemVer Checker.When check-minor-version is false" executed="True" result="Success" success="True" time="0.9169" asserts="0" description="SemVer Checker.When check-minor-version is false">
                <results>
                  <test-case description="Should not check minor version tags" name="SemVer Checker.When check-minor-version is false.Should not check minor version tags" time="0.1157" asserts="0" success="True" result="Success" executed="True" />
                </results>
              </test-suite>
              <test-suite type="TestFixture" name="SemVer Checker.When repo only has a major version tag (e.g., v1)" executed="True" result="Success" success="True" time="1.2334" asserts="0" description="SemVer Checker.When repo only has a major version tag (e.g., v1)">
                <results>
                  <test-case description="Should suggest creating patch version (v1.0.0) when check-minor-version is true" name="SemVer Checker.When repo only has a major version tag (e.g., v1).Should suggest creating patch version (v1.0.0) when check-minor-version is true" time="0.1308" asserts="0" success="True" result="Success" executed="True" />
                  <test-case description="Should suggest creating only patch version (v1.0.0) when check-minor-version is false" name="SemVer Checker.When repo only has a major version tag (e.g., v1).Should suggest creating only patch version (v1.0.0) when check-minor-version is false" time="0.1578" asserts="0" success="True" result="Success" executed="True" />
                </results>
              </test-suite>
              <test-suite type="TestFixture" name="SemVer Checker.When major version doesn't point to latest patch version" executed="True" result="Success" success="True" time="1.5062" asserts="0" description="SemVer Checker.When major version doesn't point to latest patch version">
                <results>
                  <test-case description="Should suggest force updating when v1 points to v1.0.0 but v1.0.1 exists" name="SemVer Checker.When major version doesn't point to latest patch version.Should suggest force updating when v1 points to v1.0.0 but v1.0.1 exists" time="0.2484" asserts="0" success="True" result="Success" executed="True" />
                </results>
              </test-suite>
              <test-suite type="TestFixture" name="SemVer Checker.When minor version doesn't point to latest patch version" executed="True" result="Success" success="True" time="1.7443" asserts="0" description="SemVer Checker.When minor version doesn't point to latest patch version">
                <results>
                  <test-case description="Should suggest force updating when v1.1 points to v1.1.0 but v1.1.1 exists" name="SemVer Checker.When minor version doesn't point to latest patch version.Should suggest force updating when v1.1 points to v1.1.0 but v1.1.1 exists" time="0.2016" asserts="0" success="True" result="Success" executed="True" />
                </results>
              </test-suite>
              <test-suite type="TestFixture" name="SemVer Checker.When major version doesn't point to latest minor version" executed="True" result="Success" success="True" time="1.9483" asserts="0" description="SemVer Checker.When major version doesn't point to latest minor version">
                <results>
                  <test-case description="Should suggest force updating when v1 points to v1.0.0 but v1.1.0 exists" name="SemVer Checker.When major version doesn't point to latest minor version.Should suggest force updating when v1 points to v1.0.0 but v1.1.0 exists" time="0.1817" asserts="0" success="True" result="Success" executed="True" />
                </results>
              </test-suite>
              <test-suite type="TestFixture" name="SemVer Checker.When using branches for versions" executed="True" result="Success" success="True" time="2.6366" asserts="0" description="SemVer Checker.When using branches for versions">
                <results>
                  <test-case description="Should validate branch versions just like tags" name="SemVer Checker.When using branches for versions.Should validate branch versions just like tags" time="0.2062" asserts="0" success="True" result="Success" executed="True" />
                  <test-case description="Should warn when same version exists as both tag and branch pointing to same commit" name="SemVer Checker.When using branches for versions.Should warn when same version exists as both tag and branch pointing to same commit" time="0.2142" asserts="0" success="True" result="Success" executed="True" />
                  <test-case description="Should error when same version exists as both tag and branch pointing to different commits" name="SemVer Checker.When using branches for versions.Should error when same version exists as both tag and branch pointing to different commits" time="0.2304" asserts="0" success="True" result="Success" executed="True" />
                </results>
              </test-suite>
              <test-suite type="TestFixture" name="SemVer Checker.Parameterized tests for missing versions" executed="True" result="Success" success="True" time="3.0479" asserts="0" description="SemVer Checker.Parameterized tests for missing versions">
                <results>
                  <test-suite type="ParameterizedTest" name="SemVer Checker.Parameterized tests for missing versions.Should suggest creating missing versions for &lt;Description&gt;" executed="True" result="Success" success="True" time="0.3924" asserts="0" description="Should suggest creating missing versions for &lt;Description&gt;">
                    <results>
                      <test-case description="Should suggest creating missing versions for v2 major version" name="SemVer Checker.Parameterized tests for missing versions.Should suggest creating missing versions for v2 major version" time="0.1111" asserts="0" success="True" result="Success" executed="True" />
                      <test-case description="Should suggest creating missing versions for v3 major version" name="SemVer Checker.Parameterized tests for missing versions.Should suggest creating missing versions for v3 major version" time="0.0952" asserts="0" success="True" result="Success" executed="True" />
                      <test-case description="Should suggest creating missing versions for v1.2 minor version" name="SemVer Checker.Parameterized tests for missing versions.Should suggest creating missing versions for v1.2 minor version" time="0.0936" asserts="0" success="True" result="Success" executed="True" />
                      <test-case description="Should suggest creating missing versions for v2.1 minor version" name="SemVer Checker.Parameterized tests for missing versions.Should suggest creating missing versions for v2.1 minor version" time="0.0926" asserts="0" success="True" result="Success" executed="True" />
                    </results>
                  </test-suite>
                </results>
              </test-suite>
              <test-suite type="TestFixture" name="SemVer Checker.Parameterized tests for version consistency" executed="True" result="Success" success="True" time="3.586" asserts="0" description="SemVer Checker.Parameterized tests for version consistency">
                <results>
                  <test-suite type="ParameterizedTest" name="SemVer Checker.Parameterized tests for version consistency.Should detect when &lt;Description&gt; doesn't point to latest" executed="True" result="Success" success="True" time="0.5121" asserts="0" description="Should detect when &lt;Description&gt; doesn't point to latest">
                    <results>
                      <test-case description="Should detect when v2 doesn't point to latest patch v2.0.1 doesn't point to latest" name="SemVer Checker.Parameterized tests for version consistency.Should detect when v2 doesn't point to latest patch v2.0.1 doesn't point to latest" time="0.1696" asserts="0" success="True" result="Success" executed="True" />
                      <test-case description="Should detect when v3 doesn't point to latest minor v3.1.0 doesn't point to latest" name="SemVer Checker.Parameterized tests for version consistency.Should detect when v3 doesn't point to latest minor v3.1.0 doesn't point to latest" time="0.1689" asserts="0" success="True" result="Success" executed="True" />
                      <test-case description="Should detect when v1.2 doesn't point to latest patch v1.2.1 doesn't point to latest" name="SemVer Checker.Parameterized tests for version consistency.Should detect when v1.2 doesn't point to latest patch v1.2.1 doesn't point to latest" time="0.1736" asserts="0" success="True" result="Success" executed="True" />
                    </results>
                  </test-suite>
                </results>
              </test-suite>
            </results>
          </test-suite>
        </results>
      </test-suite>
    </results>
  </test-suite>
</test-results>